\BOOKMARK [1][-]{section.1}{Introduction}{}% 1
\BOOKMARK [1][-]{section.2}{The dataset}{}% 2
\BOOKMARK [1][-]{section.3}{Data preparation}{}% 3
\BOOKMARK [2][-]{subsection.3.1}{Financial Ratios}{section.3}% 4
\BOOKMARK [1][-]{section.4}{Linear Discriminant Analysis}{}% 5
\BOOKMARK [2][-]{subsection.4.1}{Theory}{section.4}% 6
\BOOKMARK [2][-]{subsection.4.2}{Implementation}{section.4}% 7
\BOOKMARK [3][-]{subsubsection.4.2.1}{Predictions}{subsection.4.2}% 8
\BOOKMARK [3][-]{subsubsection.4.2.2}{Plotting}{subsection.4.2}% 9
\BOOKMARK [1][-]{section.5}{Binary Response Models}{}% 10
\BOOKMARK [2][-]{subsection.5.1}{Theory}{section.5}% 11
\BOOKMARK [2][-]{subsection.5.2}{Implementation}{section.5}% 12
\BOOKMARK [3][-]{subsubsection.5.2.1}{Obtaining the Likelihood}{subsection.5.2}% 13
\BOOKMARK [3][-]{subsubsection.5.2.2}{Gradient Descent}{subsection.5.2}% 14
\BOOKMARK [3][-]{subsubsection.5.2.3}{Predictions}{subsection.5.2}% 15
\BOOKMARK [2][-]{subsection.5.3}{Using the Logit-Model on the creditreform Dataset}{section.5}% 16
\BOOKMARK [1][-]{section.6}{Classification and Regression Trees \(CART\)}{}% 17
\BOOKMARK [2][-]{subsection.6.1}{Variable Importance}{section.6}% 18
\BOOKMARK [1][-]{section.7}{Random Forest}{}% 19
\BOOKMARK [1][-]{section.8}{Evaluation of predictions}{}% 20
\BOOKMARK [2][-]{subsection.8.1}{Implementation}{section.8}% 21
\BOOKMARK [1][-]{section.9}{Results and Conclusions}{}% 22
\BOOKMARK [1][-]{section.10}{Appendix}{}% 23
\BOOKMARK [2][-]{subsection.10.1}{Unit Tests LDA}{section.10}% 24
\BOOKMARK [3][-]{subsubsection.10.1.1}{Expectations}{subsection.10.1}% 25
\BOOKMARK [3][-]{subsubsection.10.1.2}{Test}{subsection.10.1}% 26
\BOOKMARK [3][-]{subsubsection.10.1.3}{Result}{subsection.10.1}% 27
\BOOKMARK [2][-]{subsection.10.2}{Unit Tests Gradient Descent}{section.10}% 28
\BOOKMARK [3][-]{subsubsection.10.2.1}{Expectations}{subsection.10.2}% 29
\BOOKMARK [3][-]{subsubsection.10.2.2}{Test}{subsection.10.2}% 30
\BOOKMARK [3][-]{subsubsection.10.2.3}{Result}{subsection.10.2}% 31
\BOOKMARK [2][-]{subsection.10.3}{Unit Tests Evaluation}{section.10}% 32
\BOOKMARK [3][-]{subsubsection.10.3.1}{Expectations}{subsection.10.3}% 33
\BOOKMARK [3][-]{subsubsection.10.3.2}{Test}{subsection.10.3}% 34
\BOOKMARK [3][-]{subsubsection.10.3.3}{Result}{subsection.10.3}% 35
\BOOKMARK [2][-]{subsection.10.4}{Code}{section.10}% 36
\BOOKMARK [3][-]{subsubsection.10.4.1}{Preparation}{subsection.10.4}% 37
\BOOKMARK [3][-]{subsubsection.10.4.2}{BRM}{subsection.10.4}% 38
\BOOKMARK [3][-]{subsubsection.10.4.3}{Logit}{subsection.10.4}% 39
\BOOKMARK [3][-]{subsubsection.10.4.4}{CART}{subsection.10.4}% 40
\BOOKMARK [3][-]{subsubsection.10.4.5}{Random\137Forest}{subsection.10.4}% 41
\BOOKMARK [3][-]{subsubsection.10.4.6}{LDA}{subsection.10.4}% 42
\BOOKMARK [3][-]{subsubsection.10.4.7}{Evaluation}{subsection.10.4}% 43
