This is pdfTeX, Version 3.14159265-2.6-1.40.16 (TeX Live 2015/Debian) (preloaded format=pdflatex 2017.11.4)  16 MAR 2018 20:08
entering extended mode
 restricted \write18 enabled.
 %&-line parsing enabled.
**term_paper.tex
(./term_paper.tex
LaTeX2e <2016/02/01>
Babel <3.9q> and hyphenation patterns for 81 language(s) loaded.
(/usr/share/texlive/texmf-dist/tex/latex/base/article.cls
Document Class: article 2014/09/29 v1.4h Standard LaTeX document class
(/usr/share/texlive/texmf-dist/tex/latex/base/size10.clo
File: size10.clo 2014/09/29 v1.4h Standard LaTeX file (size option)
)
\c@part=\count79
\c@section=\count80
\c@subsection=\count81
\c@subsubsection=\count82
\c@paragraph=\count83
\c@subparagraph=\count84
\c@figure=\count85
\c@table=\count86
\abovecaptionskip=\skip41
\belowcaptionskip=\skip42
\bibindent=\dimen102
)
(/usr/share/texlive/texmf-dist/tex/latex/geometry/geometry.sty
Package: geometry 2010/09/12 v5.6 Page Geometry

(/usr/share/texlive/texmf-dist/tex/latex/graphics/keyval.sty
Package: keyval 2014/10/28 v1.15 key=value parser (DPC)
\KV@toks@=\toks14
)
(/usr/share/texlive/texmf-dist/tex/generic/oberdiek/ifpdf.sty
Package: ifpdf 2011/01/30 v2.3 Provides the ifpdf switch (HO)
Package ifpdf Info: pdfTeX in PDF mode is detected.
)
(/usr/share/texlive/texmf-dist/tex/generic/oberdiek/ifvtex.sty
Package: ifvtex 2010/03/01 v1.5 Detect VTeX and its facilities (HO)
Package ifvtex Info: VTeX not detected.
)
(/usr/share/texlive/texmf-dist/tex/generic/ifxetex/ifxetex.sty
Package: ifxetex 2010/09/12 v0.6 Provides ifxetex conditional
)
\Gm@cnth=\count87
\Gm@cntv=\count88
\c@Gm@tempcnt=\count89
\Gm@bindingoffset=\dimen103
\Gm@wd@mp=\dimen104
\Gm@odd@mp=\dimen105
\Gm@even@mp=\dimen106
\Gm@layoutwidth=\dimen107
\Gm@layoutheight=\dimen108
\Gm@layouthoffset=\dimen109
\Gm@layoutvoffset=\dimen110
\Gm@dimlist=\toks15
)
(/usr/share/texlive/texmf-dist/tex/latex/wrapfig/wrapfig.sty
\wrapoverhang=\dimen111
\WF@size=\dimen112
\c@WF@wrappedlines=\count90
\WF@box=\box26
\WF@everypar=\toks16
Package: wrapfig 2003/01/31  v 3.6
)
(/usr/share/texlive/texmf-dist/tex/latex/graphics/graphicx.sty
Package: graphicx 2014/10/28 v1.0g Enhanced LaTeX Graphics (DPC,SPQR)

(/usr/share/texlive/texmf-dist/tex/latex/graphics/graphics.sty
Package: graphics 2016/01/03 v1.0q Standard LaTeX Graphics (DPC,SPQR)

(/usr/share/texlive/texmf-dist/tex/latex/graphics/trig.sty
Package: trig 2016/01/03 v1.10 sin cos tan (DPC)
)
(/usr/share/texlive/texmf-dist/tex/latex/latexconfig/graphics.cfg
File: graphics.cfg 2010/04/23 v1.9 graphics configuration of TeX Live
)
Package graphics Info: Driver file: pdftex.def on input line 95.

(/usr/share/texlive/texmf-dist/tex/latex/pdftex-def/pdftex.def
File: pdftex.def 2011/05/27 v0.06d Graphics/color for pdfTeX

(/usr/share/texlive/texmf-dist/tex/generic/oberdiek/infwarerr.sty
Package: infwarerr 2010/04/08 v1.3 Providing info/warning/error messages (HO)
)
(/usr/share/texlive/texmf-dist/tex/generic/oberdiek/ltxcmds.sty
Package: ltxcmds 2011/11/09 v1.22 LaTeX kernel commands for general use (HO)
)
\Gread@gobject=\count91
))
\Gin@req@height=\dimen113
\Gin@req@width=\dimen114
)
(/usr/share/texlive/texmf-dist/tex/latex/base/inputenc.sty
Package: inputenc 2015/03/17 v1.2c Input encoding file
\inpenc@prehook=\toks17
\inpenc@posthook=\toks18

(/usr/share/texlive/texmf-dist/tex/latex/base/latin1.def
File: latin1.def 2015/03/17 v1.2c Input encoding file
))
(/usr/share/texlive/texmf-dist/tex/latex/base/fontenc.sty
Package: fontenc 2005/09/27 v1.99g Standard LaTeX package

(/usr/share/texlive/texmf-dist/tex/latex/base/t1enc.def
File: t1enc.def 2005/09/27 v1.99g Standard LaTeX file
LaTeX Font Info:    Redeclaring font encoding T1 on input line 48.
))
(/usr/share/texlive/texmf-dist/tex/generic/babel/babel.sty
Package: babel 2016/02/24 3.9q The Babel package

(/usr/share/texlive/texmf-dist/tex/generic/babel-english/english.ldf
Language: english 2012/08/20 v3.3p English support from the babel system

(/usr/share/texlive/texmf-dist/tex/generic/babel/babel.def
File: babel.def 2016/02/24 3.9q Babel common definitions
\babel@savecnt=\count92
\U@D=\dimen115
)
\l@canadian = a dialect from \language\l@american 
\l@australian = a dialect from \language\l@british 
\l@newzealand = a dialect from \language\l@british 
))
(/usr/share/texlive/texmf-dist/tex/latex/listings/listings.sty
\lst@mode=\count93
\lst@gtempboxa=\box27
\lst@token=\toks19
\lst@length=\count94
\lst@currlwidth=\dimen116
\lst@column=\count95
\lst@pos=\count96
\lst@lostspace=\dimen117
\lst@width=\dimen118
\lst@newlines=\count97
\lst@lineno=\count98
\lst@maxwidth=\dimen119

(/usr/share/texlive/texmf-dist/tex/latex/listings/lstmisc.sty
File: lstmisc.sty 2015/06/04 1.6 (Carsten Heinz)
\c@lstnumber=\count99
\lst@skipnumbers=\count100
\lst@framebox=\box28
)
(/usr/share/texlive/texmf-dist/tex/latex/listings/listings.cfg
File: listings.cfg 2015/06/04 1.6 listings configuration
))
Package: listings 2015/06/04 1.6 (Carsten Heinz)

(/usr/share/texlive/texmf-dist/tex/latex/xcolor/xcolor.sty
Package: xcolor 2007/01/21 v2.11 LaTeX color extensions (UK)

(/usr/share/texlive/texmf-dist/tex/latex/latexconfig/color.cfg
File: color.cfg 2007/01/18 v1.5 color configuration of teTeX/TeXLive
)
Package xcolor Info: Driver file: pdftex.def on input line 225.
Package xcolor Info: Model `cmy' substituted by `cmy0' on input line 1337.
Package xcolor Info: Model `hsb' substituted by `rgb' on input line 1341.
Package xcolor Info: Model `RGB' extended on input line 1353.
Package xcolor Info: Model `HTML' substituted by `rgb' on input line 1355.
Package xcolor Info: Model `Hsb' substituted by `hsb' on input line 1356.
Package xcolor Info: Model `tHsb' substituted by `hsb' on input line 1357.
Package xcolor Info: Model `HSB' substituted by `hsb' on input line 1358.
Package xcolor Info: Model `Gray' substituted by `gray' on input line 1359.
Package xcolor Info: Model `wave' substituted by `hsb' on input line 1360.
)
(/usr/share/texlive/texmf-dist/tex/latex/eso-pic/eso-pic.sty
Package: eso-pic 2015/07/21 v2.0g eso-pic (RN)

(/usr/share/texlive/texmf-dist/tex/generic/oberdiek/atbegshi.sty
Package: atbegshi 2011/10/05 v1.16 At begin shipout hook (HO)
))
(/usr/share/texlive/texmf-dist/tex/latex/jknapltx/mathrsfs.sty
Package: mathrsfs 1996/01/01 Math RSFS package v1.0 (jk)
\symrsfs=\mathgroup4
)
(/usr/share/texlive/texmf-dist/tex/latex/url/url.sty
\Urlmuskip=\muskip10
Package: url 2013/09/16  ver 3.4  Verb mode for urls, etc.
)
(/usr/share/texlive/texmf-dist/tex/latex/amsfonts/amssymb.sty
Package: amssymb 2013/01/14 v3.01 AMS font symbols

(/usr/share/texlive/texmf-dist/tex/latex/amsfonts/amsfonts.sty
Package: amsfonts 2013/01/14 v3.01 Basic AMSFonts support
\@emptytoks=\toks20
\symAMSa=\mathgroup5
\symAMSb=\mathgroup6
LaTeX Font Info:    Overwriting math alphabet `\mathfrak' in version `bold'
(Font)                  U/euf/m/n --> U/euf/b/n on input line 106.
))
(/usr/share/texlive/texmf-dist/tex/latex/amsmath/amsmath.sty
Package: amsmath 2016/03/03 v2.15a AMS math features
\@mathmargin=\skip43

For additional information on amsmath, use the `?' option.
(/usr/share/texlive/texmf-dist/tex/latex/amsmath/amstext.sty
Package: amstext 2000/06/29 v2.01 AMS text

(/usr/share/texlive/texmf-dist/tex/latex/amsmath/amsgen.sty
File: amsgen.sty 1999/11/30 v2.0 generic functions
\@emptytoks=\toks21
\ex@=\dimen120
))
(/usr/share/texlive/texmf-dist/tex/latex/amsmath/amsbsy.sty
Package: amsbsy 1999/11/29 v1.2d Bold Symbols
\pmbraise@=\dimen121
)
(/usr/share/texlive/texmf-dist/tex/latex/amsmath/amsopn.sty
Package: amsopn 1999/12/14 v2.01 operator names
)
\inf@bad=\count101
LaTeX Info: Redefining \frac on input line 199.
\uproot@=\count102
\leftroot@=\count103
LaTeX Info: Redefining \overline on input line 297.
\classnum@=\count104
\DOTSCASE@=\count105
LaTeX Info: Redefining \ldots on input line 394.
LaTeX Info: Redefining \dots on input line 397.
LaTeX Info: Redefining \cdots on input line 518.
\Mathstrutbox@=\box29
\strutbox@=\box30
\big@size=\dimen122
LaTeX Font Info:    Redeclaring font encoding OML on input line 630.
LaTeX Font Info:    Redeclaring font encoding OMS on input line 631.
\macc@depth=\count106
\c@MaxMatrixCols=\count107
\dotsspace@=\muskip11
\c@parentequation=\count108
\dspbrk@lvl=\count109
\tag@help=\toks22
\row@=\count110
\column@=\count111
\maxfields@=\count112
\andhelp@=\toks23
\eqnshift@=\dimen123
\alignsep@=\dimen124
\tagshift@=\dimen125
\tagwidth@=\dimen126
\totwidth@=\dimen127
\lineht@=\dimen128
\@envbody=\toks24
\multlinegap=\skip44
\multlinetaggap=\skip45
\mathdisplay@stack=\toks25
LaTeX Info: Redefining \[ on input line 2735.
LaTeX Info: Redefining \] on input line 2736.
)
(/usr/share/texlive/texmf-dist/tex/latex/multirow/multirow.sty
\bigstrutjot=\dimen129
)
(/usr/share/texlive/texmf-dist/tex/latex/hyperref/hyperref.sty
Package: hyperref 2012/11/06 v6.83m Hypertext links for LaTeX

(/usr/share/texlive/texmf-dist/tex/generic/oberdiek/hobsub-hyperref.sty
Package: hobsub-hyperref 2012/05/28 v1.13 Bundle oberdiek, subset hyperref (HO)


(/usr/share/texlive/texmf-dist/tex/generic/oberdiek/hobsub-generic.sty
Package: hobsub-generic 2012/05/28 v1.13 Bundle oberdiek, subset generic (HO)
Package: hobsub 2012/05/28 v1.13 Construct package bundles (HO)
Package hobsub Info: Skipping package `infwarerr' (already loaded).
Package hobsub Info: Skipping package `ltxcmds' (already loaded).
Package: ifluatex 2010/03/01 v1.3 Provides the ifluatex switch (HO)
Package ifluatex Info: LuaTeX not detected.
Package hobsub Info: Skipping package `ifvtex' (already loaded).
Package: intcalc 2007/09/27 v1.1 Expandable calculations with integers (HO)
Package hobsub Info: Skipping package `ifpdf' (already loaded).
Package: etexcmds 2011/02/16 v1.5 Avoid name clashes with e-TeX commands (HO)
Package etexcmds Info: Could not find \expanded.
(etexcmds)             That can mean that you are not using pdfTeX 1.50 or
(etexcmds)             that some package has redefined \expanded.
(etexcmds)             In the latter case, load this package earlier.
Package: kvsetkeys 2012/04/25 v1.16 Key value parser (HO)
Package: kvdefinekeys 2011/04/07 v1.3 Define keys (HO)
Package: pdftexcmds 2011/11/29 v0.20 Utility functions of pdfTeX for LuaTeX (HO
)
Package pdftexcmds Info: LuaTeX not detected.
Package pdftexcmds Info: \pdf@primitive is available.
Package pdftexcmds Info: \pdf@ifprimitive is available.
Package pdftexcmds Info: \pdfdraftmode found.
Package: pdfescape 2011/11/25 v1.13 Implements pdfTeX's escape features (HO)
Package: bigintcalc 2012/04/08 v1.3 Expandable calculations on big integers (HO
)
Package: bitset 2011/01/30 v1.1 Handle bit-vector datatype (HO)
Package: uniquecounter 2011/01/30 v1.2 Provide unlimited unique counter (HO)
)
Package hobsub Info: Skipping package `hobsub' (already loaded).
Package: letltxmacro 2010/09/02 v1.4 Let assignment for LaTeX macros (HO)
Package: hopatch 2012/05/28 v1.2 Wrapper for package hooks (HO)
Package: xcolor-patch 2011/01/30 xcolor patch
Package: atveryend 2011/06/30 v1.8 Hooks at the very end of document (HO)
Package atveryend Info: \enddocument detected (standard20110627).
Package hobsub Info: Skipping package `atbegshi' (already loaded).
Package: refcount 2011/10/16 v3.4 Data extraction from label references (HO)
Package: hycolor 2011/01/30 v1.7 Color options for hyperref/bookmark (HO)
)
(/usr/share/texlive/texmf-dist/tex/latex/oberdiek/auxhook.sty
Package: auxhook 2011/03/04 v1.3 Hooks for auxiliary files (HO)
)
(/usr/share/texlive/texmf-dist/tex/latex/oberdiek/kvoptions.sty
Package: kvoptions 2011/06/30 v3.11 Key value format for package options (HO)
)
\@linkdim=\dimen130
\Hy@linkcounter=\count113
\Hy@pagecounter=\count114

(/usr/share/texlive/texmf-dist/tex/latex/hyperref/pd1enc.def
File: pd1enc.def 2012/11/06 v6.83m Hyperref: PDFDocEncoding definition (HO)
)
\Hy@SavedSpaceFactor=\count115

(/usr/share/texlive/texmf-dist/tex/latex/latexconfig/hyperref.cfg
File: hyperref.cfg 2002/06/06 v1.2 hyperref configuration of TeXLive
)
Package hyperref Info: Hyper figures OFF on input line 4443.
Package hyperref Info: Link nesting OFF on input line 4448.
Package hyperref Info: Hyper index ON on input line 4451.
Package hyperref Info: Plain pages OFF on input line 4458.
Package hyperref Info: Backreferencing OFF on input line 4463.
Package hyperref Info: Implicit mode ON; LaTeX internals redefined.
Package hyperref Info: Bookmarks ON on input line 4688.
\c@Hy@tempcnt=\count116
LaTeX Info: Redefining \url on input line 5041.
\XeTeXLinkMargin=\dimen131
\Fld@menulength=\count117
\Field@Width=\dimen132
\Fld@charsize=\dimen133
Package hyperref Info: Hyper figures OFF on input line 6295.
Package hyperref Info: Link nesting OFF on input line 6300.
Package hyperref Info: Hyper index ON on input line 6303.
Package hyperref Info: backreferencing OFF on input line 6310.
Package hyperref Info: Link coloring OFF on input line 6315.
Package hyperref Info: Link coloring with OCG OFF on input line 6320.
Package hyperref Info: PDF/A mode OFF on input line 6325.
LaTeX Info: Redefining \ref on input line 6365.
LaTeX Info: Redefining \pageref on input line 6369.
\Hy@abspage=\count118
\c@Item=\count119
\c@Hfootnote=\count120
)

Package hyperref Message: Driver (autodetected): hpdftex.

(/usr/share/texlive/texmf-dist/tex/latex/hyperref/hpdftex.def
File: hpdftex.def 2012/11/06 v6.83m Hyperref driver for pdfTeX
\Fld@listcount=\count121
\c@bookmark@seq@number=\count122

(/usr/share/texlive/texmf-dist/tex/latex/oberdiek/rerunfilecheck.sty
Package: rerunfilecheck 2011/04/15 v1.7 Rerun checks for auxiliary files (HO)
Package uniquecounter Info: New unique counter `rerunfilecheck' on input line 2
82.
)
\Hy@SectionHShift=\skip46
)
(/usr/share/texlive/texmf-dist/tex/latex/booktabs/booktabs.sty
Package: booktabs 2005/04/14 v1.61803 publication quality tables
\heavyrulewidth=\dimen134
\lightrulewidth=\dimen135
\cmidrulewidth=\dimen136
\belowrulesep=\dimen137
\belowbottomsep=\dimen138
\aboverulesep=\dimen139
\abovetopsep=\dimen140
\cmidrulesep=\dimen141
\cmidrulekern=\dimen142
\defaultaddspace=\dimen143
\@cmidla=\count123
\@cmidlb=\count124
\@aboverulesep=\dimen144
\@belowrulesep=\dimen145
\@thisruleclass=\count125
\@lastruleclass=\count126
\@thisrulewidth=\dimen146
)
(/usr/share/texlive/texmf-dist/tex/latex/bbm-macros/bbm.sty
Package: bbm 1999/03/15 V 1.2 provides fonts for set symbols - TH
LaTeX Font Info:    Overwriting math alphabet `\mathbbm' in version `bold'
(Font)                  U/bbm/m/n --> U/bbm/bx/n on input line 33.
LaTeX Font Info:    Overwriting math alphabet `\mathbbmss' in version `bold'
(Font)                  U/bbmss/m/n --> U/bbmss/bx/n on input line 35.
)
(/usr/share/texlive/texmf-dist/tex/latex/cooltooltips/cooltooltips.sty
Package: cooltooltips 2006/03/07 v1.0 Cool PDF tooltips
\ctip@content@box=\box31
)
(./colordef.sty) (./lvblisting.sty)
(/usr/share/texlive/texmf-dist/tex/latex/algorithms/algorithm.sty
Package: algorithm 2009/08/24 v0.1 Document Style `algorithm' - floating enviro
nment

(/usr/share/texlive/texmf-dist/tex/latex/float/float.sty
Package: float 2001/11/08 v1.3d Float enhancements (AL)
\c@float@type=\count127
\float@exts=\toks26
\float@box=\box32
\@float@everytoks=\toks27
\@floatcapt=\box33
)
(/usr/share/texlive/texmf-dist/tex/latex/base/ifthen.sty
Package: ifthen 2014/09/29 v1.1c Standard LaTeX ifthen package (DPC)
)
\@float@every@algorithm=\toks28
\c@algorithm=\count128
)
(/usr/share/texlive/texmf-dist/tex/latex/algorithmicx/algpseudocode.sty
Package: algpseudocode 

(/usr/share/texlive/texmf-dist/tex/latex/algorithmicx/algorithmicx.sty
Package: algorithmicx 2005/04/27 v1.2 Algorithmicx

Document Style algorithmicx 1.2 - a greatly improved `algorithmic' style
\c@ALG@line=\count129
\c@ALG@rem=\count130
\c@ALG@nested=\count131
\ALG@tlm=\skip47
\ALG@thistlm=\skip48
\c@ALG@Lnr=\count132
\c@ALG@blocknr=\count133
\c@ALG@storecount=\count134
\c@ALG@tmpcounter=\count135
\ALG@tmplength=\skip49
)
Document Style - pseudocode environments for use with the `algorithmicx' style
) (/usr/share/texlive/texmf-dist/tex/latex/ms/ragged2e.sty
Package: ragged2e 2009/05/21 v2.1 ragged2e Package (MS)

(/usr/share/texlive/texmf-dist/tex/latex/ms/everysel.sty
Package: everysel 2011/10/28 v1.2 EverySelectfont Package (MS)
)
\CenteringLeftskip=\skip50
\RaggedLeftLeftskip=\skip51
\RaggedRightLeftskip=\skip52
\CenteringRightskip=\skip53
\RaggedLeftRightskip=\skip54
\RaggedRightRightskip=\skip55
\CenteringParfillskip=\skip56
\RaggedLeftParfillskip=\skip57
\RaggedRightParfillskip=\skip58
\JustifyingParfillskip=\skip59
\CenteringParindent=\skip60
\RaggedLeftParindent=\skip61
\RaggedRightParindent=\skip62
\JustifyingParindent=\skip63
) (./term_paper.aux)
\openout1 = `term_paper.aux'.

LaTeX Font Info:    Checking defaults for OML/cmm/m/it on input line 47.
LaTeX Font Info:    ... okay on input line 47.
LaTeX Font Info:    Checking defaults for T1/cmr/m/n on input line 47.
LaTeX Font Info:    ... okay on input line 47.
LaTeX Font Info:    Checking defaults for OT1/cmr/m/n on input line 47.
LaTeX Font Info:    ... okay on input line 47.
LaTeX Font Info:    Checking defaults for OMS/cmsy/m/n on input line 47.
LaTeX Font Info:    ... okay on input line 47.
LaTeX Font Info:    Checking defaults for OMX/cmex/m/n on input line 47.
LaTeX Font Info:    ... okay on input line 47.
LaTeX Font Info:    Checking defaults for U/cmr/m/n on input line 47.
LaTeX Font Info:    ... okay on input line 47.
LaTeX Font Info:    Checking defaults for PD1/pdf/m/n on input line 47.
LaTeX Font Info:    ... okay on input line 47.

*geometry* driver: auto-detecting
*geometry* detected driver: pdftex
*geometry* verbose mode - [ preamble ] result:
* driver: pdftex
* paper: a4paper
* layout: <same size as paper>
* layoutoffset:(h,v)=(0.0pt,0.0pt)
* modes: 
* h-part:(L,W,R)=(89.62709pt, 436.7489pt, 71.13188pt)
* v-part:(T,H,B)=(101.40665pt, 591.5302pt, 152.11pt)
* \paperwidth=597.50787pt
* \paperheight=845.04684pt
* \textwidth=436.7489pt
* \textheight=591.5302pt
* \oddsidemargin=17.3571pt
* \evensidemargin=17.3571pt
* \topmargin=-7.86334pt
* \headheight=12.0pt
* \headsep=25.0pt
* \topskip=10.0pt
* \footskip=30.0pt
* \marginparwidth=65.0pt
* \marginparsep=11.0pt
* \columnsep=10.0pt
* \skip\footins=9.0pt plus 4.0pt minus 2.0pt
* \hoffset=0.0pt
* \voffset=0.0pt
* \mag=1000
* \@twocolumnfalse
* \@twosidefalse
* \@mparswitchfalse
* \@reversemarginfalse
* (1in=72.27pt=25.4mm, 1cm=28.453pt)

(/usr/share/texlive/texmf-dist/tex/context/base/supp-pdf.mkii
[Loading MPS to PDF converter (version 2006.09.02).]
\scratchcounter=\count136
\scratchdimen=\dimen147
\scratchbox=\box34
\nofMPsegments=\count137
\nofMParguments=\count138
\everyMPshowfont=\toks29
\MPscratchCnt=\count139
\MPscratchDim=\dimen148
\MPnumerator=\count140
\makeMPintoPDFobject=\count141
\everyMPtoPDFconversion=\toks30
) (/usr/share/texlive/texmf-dist/tex/latex/oberdiek/epstopdf-base.sty
Package: epstopdf-base 2010/02/09 v2.5 Base part for package epstopdf

(/usr/share/texlive/texmf-dist/tex/latex/oberdiek/grfext.sty
Package: grfext 2010/08/19 v1.1 Manage graphics extensions (HO)
)
Package grfext Info: Graphics extension search list:
(grfext)             [.png,.pdf,.jpg,.mps,.jpeg,.jbig2,.jb2,.PNG,.PDF,.JPG,.JPE
G,.JBIG2,.JB2,.eps]
(grfext)             \AppendGraphicsExtensions on input line 452.

(/usr/share/texlive/texmf-dist/tex/latex/latexconfig/epstopdf-sys.cfg
File: epstopdf-sys.cfg 2010/07/13 v1.3 Configuration of (r)epstopdf for TeX Liv
e
))
\c@lstlisting=\count142
\AtBeginShipoutBox=\box35
Package hyperref Info: Link coloring OFF on input line 47.

(/usr/share/texlive/texmf-dist/tex/latex/hyperref/nameref.sty
Package: nameref 2012/10/27 v2.43 Cross-referencing by name of section

(/usr/share/texlive/texmf-dist/tex/generic/oberdiek/gettitlestring.sty
Package: gettitlestring 2010/12/03 v1.4 Cleanup title references (HO)
)
\c@section@level=\count143
)
LaTeX Info: Redefining \ref on input line 47.
LaTeX Info: Redefining \pageref on input line 47.
LaTeX Info: Redefining \nameref on input line 47.

(./term_paper.out) (./term_paper.out)
\@outlinefile=\write3
\openout3 = `term_paper.out'.

 ABD: EverySelectfont initializing macros
LaTeX Info: Redefining \selectfont on input line 47.

<hulogo.pdf, id=150, 130.88197pt x 130.88197pt>
File: hulogo.pdf Graphic file (type pdf)
 <use hulogo.pdf>
Package pdftex.def Info: hulogo.pdf used on input line 51.
(pdftex.def)             Requested size: 163.60204pt x 163.60204pt.
 [1

{/var/lib/texmf/fonts/map/pdftex/updmap/pdftex.map} <./hulogo.pdf>] (./term_pap
er.toc
LaTeX Font Info:    Try loading font information for U+rsfs on input line 5.

(/usr/share/texlive/texmf-dist/tex/latex/jknapltx/ursfs.fd
File: ursfs.fd 1998/03/24 rsfs font definition file (jk)
)
LaTeX Font Info:    Try loading font information for U+msa on input line 5.

(/usr/share/texlive/texmf-dist/tex/latex/amsfonts/umsa.fd
File: umsa.fd 2013/01/14 v3.01 AMS symbols A
)
LaTeX Font Info:    Try loading font information for U+msb on input line 5.

(/usr/share/texlive/texmf-dist/tex/latex/amsfonts/umsb.fd
File: umsb.fd 2013/01/14 v3.01 AMS symbols B
))
\tf@toc=\write4
\openout4 = `term_paper.toc'.

pdfTeX warning (ext4): destination with the same identifier (name{page.1}) has 
been already used, duplicate ignored
<to be read again> 
                   \relax 
l.71 \newpage
              [1] (./term_paper.lot)
\tf@lot=\write5
\openout5 = `term_paper.lot'.

 (./term_paper.lof
LaTeX Font Info:    Try loading font information for T1+cmtt on input line 5.

(/usr/share/texlive/texmf-dist/tex/latex/base/t1cmtt.fd
File: t1cmtt.fd 2014/09/29 v2.5h Standard LaTeX font definitions
))
\tf@lof=\write6
\openout6 = `term_paper.lof'.

 (./term_paper.loa)
\tf@loa=\write7
\openout7 = `term_paper.loa'.


[2] [3] (/usr/share/texlive/texmf-dist/tex/latex/listings/lstlang1.sty
File: lstlang1.sty 2015/06/04 1.6 listings language file
)
(/usr/share/texlive/texmf-dist/tex/latex/listings/lstlang2.sty
File: lstlang2.sty 2015/06/04 1.6 listings language file
)
(/usr/share/texlive/texmf-dist/tex/latex/listings/lstlang3.sty
File: lstlang3.sty 2015/06/04 1.6 listings language file
)
(../Preparation/data.preparation.R) (../Preparation/data.preparation.R)
(../Preparation/data.preparation.R) [4] (../Preparation/data.preparation.R)
[5pdfTeX warning (ext4): destination with the same identifier (name{table.1}) h
as been already used, duplicate ignored

\AtBegShi@Output ...ipout \box \AtBeginShipoutBox 
                                                  \fi \fi 
l.176 \newpage
              ] (../Preparation/data.preparation.R) [6pdfTeX warning (ext4): de
stination with the same identifier (name{table.2}) has been already used, dupli
cate ignored

\AtBegShi@Output ...ipout \box \AtBeginShipoutBox 
                                                  \fi \fi 
l.184 
      ] [7pdfTeX warning (ext4): destination with the same identifier (name{tab
le.3}) has been already used, duplicate ignored

\AtBegShi@Output ...ipout \box \AtBeginShipoutBox 
                                                  \fi \fi 
l.232 
      ] [8pdfTeX warning (ext4): destination with the same identifier (name{tab
le.4}) has been already used, duplicate ignored

\AtBegShi@Output ...ipout \box \AtBeginShipoutBox 
                                                  \fi \fi 
l.282 
      ] [9]
Package hyperref Info: bookmark level for unknown algorithm defaults to 0 on in
put line 352.
 (../BRM/logit.R) [10] (../BRM/logit.R) [11] (../BRM/utils.R)
(../BRM/utils.R) [12] (../BRM/utils.R) [13] (../BRM/logit.R)
(../Logit/logit_model_fin.R) (../Logit/logit_model_fin.R) [14]
(../CART/cart_modell_fin.R [15])
<../CART/fancyRpartPlot.pdf, id=525, 505.89pt x 505.89pt>
File: ../CART/fancyRpartPlot.pdf Graphic file (type pdf)

<use ../CART/fancyRpartPlot.pdf>
Package pdftex.def Info: ../CART/fancyRpartPlot.pdf used on input line 521.
(pdftex.def)             Requested size: 505.88875pt x 505.88875pt.

Overfull \hbox (69.13985pt too wide) in paragraph at lines 521--522
[][] 
 []

<../CART/CorrPlot.pdf, id=526, 505.89pt x 505.89pt>
File: ../CART/CorrPlot.pdf Graphic file (type pdf)
 <use ../CART/CorrPlot.pdf>
Package pdftex.def Info: ../CART/CorrPlot.pdf used on input line 537.
(pdftex.def)             Requested size: 505.88875pt x 505.88875pt.

Overfull \hbox (69.13985pt too wide) in paragraph at lines 537--538
[][] 
 []

<../CART/VarImp_top_10.png, id=527, 458.46281pt x 216.81pt>
File: ../CART/VarImp_top_10.png Graphic file (type png)

<use ../CART/VarImp_top_10.png>
Package pdftex.def Info: ../CART/VarImp_top_10.png used on input line 545.
(pdftex.def)             Requested size: 458.46169pt x 216.80946pt.

Overfull \hbox (21.71278pt too wide) in paragraph at lines 545--546
[][] 
 []

[16] [17pdfTeX warning (ext4): destination with the same identifier (name{figur
e.1}) has been already used, duplicate ignored

\AtBegShi@Output ...ipout \box \AtBeginShipoutBox 
                                                  \fi \fi 
l.552 
       <../CART/fancyRpartPlot.pdf>] [18pdfTeX warning (ext4): destination with
 the same identifier (name{figure.2}) has been already used, duplicate ignored

\AtBegShi@Output ...ipout \box \AtBeginShipoutBox 
                                                  \fi \fi 
l.552 
       <../CART/CorrPlot.pdf>] (../Random_Forest/random_forest_modell_fin.R)
[19pdfTeX warning (ext4): destination with the same identifier (name{figure.3})
 has been already used, duplicate ignored

\AtBegShi@Output ...ipout \box \AtBeginShipoutBox 
                                                  \fi \fi 
l.565 
       <../CART/VarImp_top_10.png>]
<../Random_Forest/Rplot.pdf, id=574, 614.295pt x 794.97pt>
File: ../Random_Forest/Rplot.pdf Graphic file (type pdf)

<use ../Random_Forest/Rplot.pdf>
Package pdftex.def Info: ../Random_Forest/Rplot.pdf used on input line 575.
(pdftex.def)             Requested size: 614.29349pt x 794.96806pt.
 [20pdfTeX warning (ext4): destination with the same identifier (name{figure.4}
) has been already used, duplicate ignored

\AtBegShi@Output ...ipout \box \AtBeginShipoutBox 
                                                  \fi \fi 
l.581 
       <../Random_Forest/Rplot.pdf>] [21] (../LDA/lda.R [22]) [23]
(../LDA/lda.R) (../LDA/lda.R) [24] (../LDA/creditLDA.R)
<../LDA/creditLDA.png, id=663, 413.29407pt x 286.06876pt>
File: ../LDA/creditLDA.png Graphic file (type png)

<use ../LDA/creditLDA.png>
Package pdftex.def Info: ../LDA/creditLDA.png used on input line 713.
(pdftex.def)             Requested size: 413.29305pt x 286.06805pt.
 [25pdfTeX warning (ext4): destination with the same identifier (name{figure.5}
) has been already used, duplicate ignored

\AtBegShi@Output ...ipout \box \AtBeginShipoutBox 
                                                  \fi \fi 
l.720 \newpage
               <../LDA/creditLDA.png (PNG copy)>] (../LDA/lda.R) [26]
(../Evaluation/Evaluate_Predictions.fin.R) [27]
(../Evaluation/Evaluate_Predictions.fin.R)
(../Evaluation/Evaluate_Predictions.fin.R [28]) [29]
<../Evaluation/ROC-Curve_Logit.png, id=802, 333.49594pt x 216.81pt>
File: ../Evaluation/ROC-Curve_Logit.png Graphic file (type png)

<use ../Evaluation/ROC-Curve_Logit.png>
Package pdftex.def Info: ../Evaluation/ROC-Curve_Logit.png used on input line 7
70.
(pdftex.def)             Requested size: 150.07178pt x 97.56358pt.

Overfull \hbox (19.04578pt too wide) in paragraph at lines 770--771
[][]
 []

<../Evaluation/ROC-Curve_CART.png, id=803, 333.49594pt x 216.81pt>
File: ../Evaluation/ROC-Curve_CART.png Graphic file (type png)

<use ../Evaluation/ROC-Curve_CART.png>
Package pdftex.def Info: ../Evaluation/ROC-Curve_CART.png used on input line 77
2.
(pdftex.def)             Requested size: 150.07178pt x 97.56358pt.

Overfull \hbox (19.04578pt too wide) in paragraph at lines 772--773
[][]
 []

<../Evaluation/ROC-Curve_Random-forest.png, id=804, 333.49594pt x 216.81pt>
File: ../Evaluation/ROC-Curve_Random-forest.png Graphic file (type png)

<use ../Evaluation/ROC-Curve_Random-forest.png>
Package pdftex.def Info: ../Evaluation/ROC-Curve_Random-forest.png used on inpu
t line 774.
(pdftex.def)             Requested size: 150.07178pt x 97.56358pt.

Overfull \hbox (19.04578pt too wide) in paragraph at lines 774--775
[][] 
 []


Package wrapfig Warning: Collision between wrapping environments on input line 
813.

<../LDA/iris.png, id=805, 413.29407pt x 428.35031pt>
File: ../LDA/iris.png Graphic file (type png)
 <use ../LDA/iris.png>
Package pdftex.def Info: ../LDA/iris.png used on input line 816.
(pdftex.def)             Requested size: 89.84561pt x 85.82663pt.


Package wrapfig Warning: Stationary wrapfigure forced to float on input line 82
2.

[30pdfTeX warning (ext4): destination with the same identifier (name{figure.6})
 has been already used, duplicate ignored

\AtBegShi@Output ...ipout \box \AtBeginShipoutBox 
                                                  \fi \fi 
l.823 
      pdfTeX warning (ext4): destination with the same identifier (name{figure.
7}) has been already used, duplicate ignored

\AtBegShi@Output ...ipout \box \AtBeginShipoutBox 
                                                  \fi \fi 
l.823 
      pdfTeX warning (ext4): destination with the same identifier (name{figure.
8}) has been already used, duplicate ignored

\AtBegShi@Output ...ipout \box \AtBeginShipoutBox 
                                                  \fi \fi 
l.823 
      pdfTeX warning (ext4): destination with the same identifier (name{table.5
}) has been already used, duplicate ignored

\AtBegShi@Output ...ipout \box \AtBeginShipoutBox 
                                                  \fi \fi 
l.823 
       <../Evaluation/ROC-Curve_Logit.png> <../Evaluation/ROC-Curve_CART.png> <
../Evaluation/ROC-Curve_Random-forest.png>]

Package wrapfig Warning: wrapfigure used inside a conflicting environment on in
put line 826.

(../LDA/lda_tests.R

Package wrapfig Warning: wrapfigure used inside a conflicting environment on in
put line 25.


Package wrapfig Warning: wrapfigure used inside a conflicting environment on in
put line 26.


Package wrapfig Warning: wrapfigure used inside a conflicting environment on in
put line 26.


Package wrapfig Warning: wrapfigure used inside a conflicting environment on in
put line 26.


Package wrapfig Warning: wrapfigure used inside a conflicting environment on in
put line 26.


Package wrapfig Warning: wrapfigure used inside a conflicting environment on in
put line 26.


Package wrapfig Warning: wrapfigure used inside a conflicting environment on in
put line 26.


Package wrapfig Warning: wrapfigure used inside a conflicting environment on in
put line 26.


Package wrapfig Warning: wrapfigure used inside a conflicting environment on in
put line 26.


Package wrapfig Warning: wrapfigure used inside a conflicting environment on in
put line 26.


Package wrapfig Warning: wrapfigure used inside a conflicting environment on in
put line 26.


Package wrapfig Warning: wrapfigure used inside a conflicting environment on in
put line 26.


Package wrapfig Warning: wrapfigure used inside a conflicting environment on in
put line 26.


Package wrapfig Warning: wrapfigure used inside a conflicting environment on in
put line 26.


Package wrapfig Warning: wrapfigure used inside a conflicting environment on in
put line 26.


Package wrapfig Warning: wrapfigure used inside a conflicting environment on in
put line 26.


Package wrapfig Warning: wrapfigure used inside a conflicting environment on in
put line 26.


Package wrapfig Warning: wrapfigure used inside a conflicting environment on in
put line 26.


Package wrapfig Warning: wrapfigure used inside a conflicting environment on in
put line 26.


Package wrapfig Warning: wrapfigure used inside a conflicting environment on in
put line 26.


Package wrapfig Warning: wrapfigure used inside a conflicting environment on in
put line 27.


Package wrapfig Warning: wrapfigure used inside a conflicting environment on in
put line 27.


Package wrapfig Warning: wrapfigure used inside a conflicting environment on in
put line 27.


Package wrapfig Warning: wrapfigure used inside a conflicting environment on in
put line 27.


Package wrapfig Warning: wrapfigure used inside a conflicting environment on in
put line 27.

)

Package wrapfig Warning: wrapfigure used inside a conflicting environment on in
put line 826.


Package wrapfig Warning: wrapfigure used inside a conflicting environment on in
put line 826.


Package wrapfig Warning: Collision between wrapping environments on input line 
828.

<../LDA/irisLDA.png, id=815, 413.29407pt x 428.35031pt>
File: ../LDA/irisLDA.png Graphic file (type png)

<use ../LDA/irisLDA.png>
Package pdftex.def Info: ../LDA/irisLDA.png used on input line 831.
(pdftex.def)             Requested size: 89.84561pt x 85.82663pt.


Package wrapfig Warning: Stationary wrapfigure forced to float on input line 83
6.


Package wrapfig Warning: Stationary wrapfigure forced to float on input line 83
7.

[31pdfTeX warning (ext4): destination with the same identifier (name{figure.9})
 has been already used, duplicate ignored

\AtBegShi@Output ...ipout \box \AtBeginShipoutBox 
                                                  \fi \fi 
l.839 \newpage
               <../LDA/iris.png (PNG copy)>]

Package wrapfig Warning: Stationary wrapfigure forced to float on input line 84
1.


Package wrapfig Warning: Stationary wrapfigure forced to float on input line 88
8.


Package wrapfig Warning: Stationary wrapfigure forced to float on input line 89
0.


Package wrapfig Warning: Stationary wrapfigure forced to float on input line 89
1.


Package wrapfig Warning: Stationary wrapfigure forced to float on input line 89
2.

(../Preparation/data.preparation.R [32pdfTeX warning (ext4): destination with t
he same identifier (name{table.6}) has been already used, duplicate ignored

\AtBegShi@Output ...ipout \box \AtBeginShipoutBox 
                                                  \fi \fi 
l.1 library(
            "dplyr")]

Package wrapfig Warning: wrapfigure used inside a conflicting environment on in
put line 1.


Package wrapfig Warning: wrapfigure used inside a conflicting environment on in
put line 1.


Package wrapfig Warning: wrapfigure used inside a conflicting environment on in
put line 1.


Package wrapfig Warning: wrapfigure used inside a conflicting environment on in
put line 1.


Package wrapfig Warning: wrapfigure used inside a conflicting environment on in
put line 1.


Package wrapfig Warning: wrapfigure used inside a conflicting environment on in
put line 1.


Package wrapfig Warning: wrapfigure used inside a conflicting environment on in
put line 1.


Package wrapfig Warning: wrapfigure used inside a conflicting environment on in
put line 1.


Package wrapfig Warning: wrapfigure used inside a conflicting environment on in
put line 3.


Package wrapfig Warning: wrapfigure used inside a conflicting environment on in
put line 3.


Package wrapfig Warning: wrapfigure used inside a conflicting environment on in
put line 3.


Package wrapfig Warning: wrapfigure used inside a conflicting environment on in
put line 3.


Package wrapfig Warning: wrapfigure used inside a conflicting environment on in
put line 3.


Package wrapfig Warning: wrapfigure used inside a conflicting environment on in
put line 3.


Package wrapfig Warning: wrapfigure used inside a conflicting environment on in
put line 3.


Package wrapfig Warning: wrapfigure used inside a conflicting environment on in
put line 4.


Package wrapfig Warning: wrapfigure used inside a conflicting environment on in
put line 4.


Package wrapfig Warning: wrapfigure used inside a conflicting environment on in
put line 4.


Package wrapfig Warning: wrapfigure used inside a conflicting environment on in
put line 4.


Package wrapfig Warning: wrapfigure used inside a conflicting environment on in
put line 4.


Package wrapfig Warning: wrapfigure used inside a conflicting environment on in
put line 4.


Package wrapfig Warning: wrapfigure used inside a conflicting environment on in
put line 4.


Package wrapfig Warning: wrapfigure used inside a conflicting environment on in
put line 4.


Package wrapfig Warning: wrapfigure used inside a conflicting environment on in
put line 4.


Package wrapfig Warning: wrapfigure used inside a conflicting environment on in
put line 4.


Package wrapfig Warning: wrapfigure used inside a conflicting environment on in
put line 4.


Package wrapfig Warning: wrapfigure used inside a conflicting environment on in
put line 4.


Package wrapfig Warning: wrapfigure used inside a conflicting environment on in
put line 4.


Package wrapfig Warning: wrapfigure used inside a conflicting environment on in
put line 4.


Package wrapfig Warning: wrapfigure used inside a conflicting environment on in
put line 4.


Package wrapfig Warning: wrapfigure used inside a conflicting environment on in
put line 4.


Package wrapfig Warning: wrapfigure used inside a conflicting environment on in
put line 4.


Package wrapfig Warning: wrapfigure used inside a conflicting environment on in
put line 4.


Package wrapfig Warning: wrapfigure used inside a conflicting environment on in
put line 4.


Package wrapfig Warning: wrapfigure used inside a conflicting environment on in
put line 4.


Package wrapfig Warning: wrapfigure used inside a conflicting environment on in
put line 4.


Package wrapfig Warning: wrapfigure used inside a conflicting environment on in
put line 4.


Package wrapfig Warning: wrapfigure used inside a conflicting environment on in
put line 4.


Package wrapfig Warning: wrapfigure used inside a conflicting environment on in
put line 4.


Package wrapfig Warning: wrapfigure used inside a conflicting environment on in
put line 4.


Package wrapfig Warning: wrapfigure used inside a conflicting environment on in
put line 4.


Package wrapfig Warning: wrapfigure used inside a conflicting environment on in
put line 4.


Package wrapfig Warning: wrapfigure used inside a conflicting environment on in
put line 4.


Package wrapfig Warning: wrapfigure used inside a conflicting environment on in
put line 4.


Package wrapfig Warning: wrapfigure used inside a conflicting environment on in
put line 4.


Package wrapfig Warning: wrapfigure used inside a conflicting environment on in
put line 4.


Package wrapfig Warning: wrapfigure used inside a conflicting environment on in
put line 4.


Package wrapfig Warning: wrapfigure used inside a conflicting environment on in
put line 4.


Package wrapfig Warning: wrapfigure used inside a conflicting environment on in
put line 4.


Package wrapfig Warning: wrapfigure used inside a conflicting environment on in
put line 4.


Package wrapfig Warning: wrapfigure used inside a conflicting environment on in
put line 4.


Package wrapfig Warning: wrapfigure used inside a conflicting environment on in
put line 4.


Package wrapfig Warning: wrapfigure used inside a conflicting environment on in
put line 4.


Package wrapfig Warning: wrapfigure used inside a conflicting environment on in
put line 4.


Package wrapfig Warning: wrapfigure used inside a conflicting environment on in
put line 4.


Package wrapfig Warning: wrapfigure used inside a conflicting environment on in
put line 4.


Package wrapfig Warning: wrapfigure used inside a conflicting environment on in
put line 4.


Package wrapfig Warning: wrapfigure used inside a conflicting environment on in
put line 4.


Package wrapfig Warning: wrapfigure used inside a conflicting environment on in
put line 4.


Package wrapfig Warning: wrapfigure used inside a conflicting environment on in
put line 4.


Package wrapfig Warning: wrapfigure used inside a conflicting environment on in
put line 4.


Package wrapfig Warning: wrapfigure used inside a conflicting environment on in
put line 5.


Package wrapfig Warning: wrapfigure used inside a conflicting environment on in
put line 5.


Package wrapfig Warning: wrapfigure used inside a conflicting environment on in
put line 5.


Package wrapfig Warning: wrapfigure used inside a conflicting environment on in
put line 5.


Package wrapfig Warning: wrapfigure used inside a conflicting environment on in
put line 5.


Package wrapfig Warning: wrapfigure used inside a conflicting environment on in
put line 5.


Package wrapfig Warning: wrapfigure used inside a conflicting environment on in
put line 5.


Package wrapfig Warning: wrapfigure used inside a conflicting environment on in
put line 7.


Package wrapfig Warning: wrapfigure used inside a conflicting environment on in
put line 7.


Package wrapfig Warning: wrapfigure used inside a conflicting environment on in
put line 7.


Package wrapfig Warning: wrapfigure used inside a conflicting environment on in
put line 7.


Package wrapfig Warning: wrapfigure used inside a conflicting environment on in
put line 7.


Package wrapfig Warning: wrapfigure used inside a conflicting environment on in
put line 7.


Package wrapfig Warning: wrapfigure used inside a conflicting environment on in
put line 7.


Package wrapfig Warning: wrapfigure used inside a conflicting environment on in
put line 7.


Package wrapfig Warning: wrapfigure used inside a conflicting environment on in
put line 7.


Package wrapfig Warning: wrapfigure used inside a conflicting environment on in
put line 7.


Package wrapfig Warning: wrapfigure used inside a conflicting environment on in
put line 7.


Package wrapfig Warning: wrapfigure used inside a conflicting environment on in
put line 7.


Package wrapfig Warning: wrapfigure used inside a conflicting environment on in
put line 7.


Package wrapfig Warning: wrapfigure used inside a conflicting environment on in
put line 7.


Package wrapfig Warning: wrapfigure used inside a conflicting environment on in
put line 7.


Package wrapfig Warning: wrapfigure used inside a conflicting environment on in
put line 7.


Package wrapfig Warning: wrapfigure used inside a conflicting environment on in
put line 7.


Package wrapfig Warning: wrapfigure used inside a conflicting environment on in
put line 7.


Package wrapfig Warning: wrapfigure used inside a conflicting environment on in
put line 7.


Package wrapfig Warning: wrapfigure used inside a conflicting environment on in
put line 7.


Package wrapfig Warning: wrapfigure used inside a conflicting environment on in
put line 7.


Package wrapfig Warning: wrapfigure used inside a conflicting environment on in
put line 7.


Package wrapfig Warning: wrapfigure used inside a conflicting environment on in
put line 7.


Package wrapfig Warning: wrapfigure used inside a conflicting environment on in
put line 7.


Package wrapfig Warning: wrapfigure used inside a conflicting environment on in
put line 7.


Package wrapfig Warning: wrapfigure used inside a conflicting environment on in
put line 7.


Package wrapfig Warning: wrapfigure used inside a conflicting environment on in
put line 7.


Package wrapfig Warning: wrapfigure used inside a conflicting environment on in
put line 7.


Package wrapfig Warning: wrapfigure used inside a conflicting environment on in
put line 7.


Package wrapfig Warning: wrapfigure used inside a conflicting environment on in
put line 8.


Package wrapfig Warning: wrapfigure used inside a conflicting environment on in
put line 8.


Package wrapfig Warning: wrapfigure used inside a conflicting environment on in
put line 8.


Package wrapfig Warning: wrapfigure used inside a conflicting environment on in
put line 8.


Package wrapfig Warning: wrapfigure used inside a conflicting environment on in
put line 8.


Package wrapfig Warning: wrapfigure used inside a conflicting environment on in
put line 8.


Package wrapfig Warning: wrapfigure used inside a conflicting environment on in
put line 8.


Package wrapfig Warning: wrapfigure used inside a conflicting environment on in
put line 8.


Package wrapfig Warning: wrapfigure used inside a conflicting environment on in
put line 8.


Package wrapfig Warning: wrapfigure used inside a conflicting environment on in
put line 8.


Package wrapfig Warning: wrapfigure used inside a conflicting environment on in
put line 8.


Package wrapfig Warning: wrapfigure used inside a conflicting environment on in
put line 8.


Package wrapfig Warning: wrapfigure used inside a conflicting environment on in
put line 8.


Package wrapfig Warning: wrapfigure used inside a conflicting environment on in
put line 8.


Package wrapfig Warning: wrapfigure used inside a conflicting environment on in
put line 8.


Package wrapfig Warning: wrapfigure used inside a conflicting environment on in
put line 8.


Package wrapfig Warning: wrapfigure used inside a conflicting environment on in
put line 8.


Package wrapfig Warning: wrapfigure used inside a conflicting environment on in
put line 8.


Package wrapfig Warning: wrapfigure used inside a conflicting environment on in
put line 8.


Package wrapfig Warning: wrapfigure used inside a conflicting environment on in
put line 8.


Package wrapfig Warning: wrapfigure used inside a conflicting environment on in
put line 8.


Package wrapfig Warning: wrapfigure used inside a conflicting environment on in
put line 9.


Package wrapfig Warning: wrapfigure used inside a conflicting environment on in
put line 9.


Package wrapfig Warning: wrapfigure used inside a conflicting environment on in
put line 9.


Package wrapfig Warning: wrapfigure used inside a conflicting environment on in
put line 9.


Package wrapfig Warning: wrapfigure used inside a conflicting environment on in
put line 9.


Package wrapfig Warning: wrapfigure used inside a conflicting environment on in
put line 9.


Package wrapfig Warning: wrapfigure used inside a conflicting environment on in
put line 9.


Package wrapfig Warning: wrapfigure used inside a conflicting environment on in
put line 9.


Package wrapfig Warning: wrapfigure used inside a conflicting environment on in
put line 9.


Package wrapfig Warning: wrapfigure used inside a conflicting environment on in
put line 9.


Package wrapfig Warning: wrapfigure used inside a conflicting environment on in
put line 10.


Package wrapfig Warning: wrapfigure used inside a conflicting environment on in
put line 10.


Package wrapfig Warning: wrapfigure used inside a conflicting environment on in
put line 10.


Package wrapfig Warning: wrapfigure used inside a conflicting environment on in
put line 10.


Package wrapfig Warning: wrapfigure used inside a conflicting environment on in
put line 10.


Package wrapfig Warning: wrapfigure used inside a conflicting environment on in
put line 10.


Package wrapfig Warning: wrapfigure used inside a conflicting environment on in
put line 10.


Package wrapfig Warning: wrapfigure used inside a conflicting environment on in
put line 10.


Package wrapfig Warning: wrapfigure used inside a conflicting environment on in
put line 10.


Package wrapfig Warning: wrapfigure used inside a conflicting environment on in
put line 10.


Package wrapfig Warning: wrapfigure used inside a conflicting environment on in
put line 10.


Package wrapfig Warning: wrapfigure used inside a conflicting environment on in
put line 10.


Package wrapfig Warning: wrapfigure used inside a conflicting environment on in
put line 10.


Package wrapfig Warning: wrapfigure used inside a conflicting environment on in
put line 10.


Package wrapfig Warning: wrapfigure used inside a conflicting environment on in
put line 10.


Package wrapfig Warning: wrapfigure used inside a conflicting environment on in
put line 10.


Package wrapfig Warning: wrapfigure used inside a conflicting environment on in
put line 10.


Package wrapfig Warning: wrapfigure used inside a conflicting environment on in
put line 10.


Package wrapfig Warning: wrapfigure used inside a conflicting environment on in
put line 10.


Package wrapfig Warning: wrapfigure used inside a conflicting environment on in
put line 12.


Package wrapfig Warning: wrapfigure used inside a conflicting environment on in
put line 12.


Package wrapfig Warning: wrapfigure used inside a conflicting environment on in
put line 12.


Package wrapfig Warning: wrapfigure used inside a conflicting environment on in
put line 12.


Package wrapfig Warning: wrapfigure used inside a conflicting environment on in
put line 12.


Package wrapfig Warning: wrapfigure used inside a conflicting environment on in
put line 12.


Package wrapfig Warning: wrapfigure used inside a conflicting environment on in
put line 12.


Package wrapfig Warning: wrapfigure used inside a conflicting environment on in
put line 12.


Package wrapfig Warning: wrapfigure used inside a conflicting environment on in
put line 12.


Package wrapfig Warning: wrapfigure used inside a conflicting environment on in
put line 12.


Package wrapfig Warning: wrapfigure used inside a conflicting environment on in
put line 12.


Package wrapfig Warning: wrapfigure used inside a conflicting environment on in
put line 12.


Package wrapfig Warning: wrapfigure used inside a conflicting environment on in
put line 12.


Package wrapfig Warning: wrapfigure used inside a conflicting environment on in
put line 12.


Package wrapfig Warning: wrapfigure used inside a conflicting environment on in
put line 12.


Package wrapfig Warning: wrapfigure used inside a conflicting environment on in
put line 12.


Package wrapfig Warning: wrapfigure used inside a conflicting environment on in
put line 13.


Package wrapfig Warning: wrapfigure used inside a conflicting environment on in
put line 13.


Package wrapfig Warning: wrapfigure used inside a conflicting environment on in
put line 13.


Package wrapfig Warning: wrapfigure used inside a conflicting environment on in
put line 13.


Package wrapfig Warning: wrapfigure used inside a conflicting environment on in
put line 13.


Package wrapfig Warning: wrapfigure used inside a conflicting environment on in
put line 13.


Package wrapfig Warning: wrapfigure used inside a conflicting environment on in
put line 13.


Package wrapfig Warning: wrapfigure used inside a conflicting environment on in
put line 13.


Package wrapfig Warning: wrapfigure used inside a conflicting environment on in
put line 13.


Package wrapfig Warning: wrapfigure used inside a conflicting environment on in
put line 13.


Package wrapfig Warning: wrapfigure used inside a conflicting environment on in
put line 13.


Package wrapfig Warning: wrapfigure used inside a conflicting environment on in
put line 13.


Package wrapfig Warning: wrapfigure used inside a conflicting environment on in
put line 13.


Package wrapfig Warning: wrapfigure used inside a conflicting environment on in
put line 13.


Package wrapfig Warning: wrapfigure used inside a conflicting environment on in
put line 13.


Package wrapfig Warning: wrapfigure used inside a conflicting environment on in
put line 13.


Package wrapfig Warning: wrapfigure used inside a conflicting environment on in
put line 13.


Package wrapfig Warning: wrapfigure used inside a conflicting environment on in
put line 13.


Package wrapfig Warning: wrapfigure used inside a conflicting environment on in
put line 13.


Package wrapfig Warning: wrapfigure used inside a conflicting environment on in
put line 15.


Package wrapfig Warning: wrapfigure used inside a conflicting environment on in
put line 15.


Package wrapfig Warning: wrapfigure used inside a conflicting environment on in
put line 15.


Package wrapfig Warning: wrapfigure used inside a conflicting environment on in
put line 15.


Package wrapfig Warning: wrapfigure used inside a conflicting environment on in
put line 15.


Package wrapfig Warning: wrapfigure used inside a conflicting environment on in
put line 15.


Package wrapfig Warning: wrapfigure used inside a conflicting environment on in
put line 15.


Package wrapfig Warning: wrapfigure used inside a conflicting environment on in
put line 15.


Package wrapfig Warning: wrapfigure used inside a conflicting environment on in
put line 15.


Package wrapfig Warning: wrapfigure used inside a conflicting environment on in
put line 15.


Package wrapfig Warning: wrapfigure used inside a conflicting environment on in
put line 15.


Package wrapfig Warning: wrapfigure used inside a conflicting environment on in
put line 15.


Package wrapfig Warning: wrapfigure used inside a conflicting environment on in
put line 15.


Package wrapfig Warning: wrapfigure used inside a conflicting environment on in
put line 15.


Package wrapfig Warning: wrapfigure used inside a conflicting environment on in
put line 15.


Package wrapfig Warning: wrapfigure used inside a conflicting environment on in
put line 15.


Package wrapfig Warning: wrapfigure used inside a conflicting environment on in
put line 15.


Package wrapfig Warning: wrapfigure used inside a conflicting environment on in
put line 15.


Package wrapfig Warning: wrapfigure used inside a conflicting environment on in
put line 15.


Package wrapfig Warning: wrapfigure used inside a conflicting environment on in
put line 15.


Package wrapfig Warning: wrapfigure used inside a conflicting environment on in
put line 15.


Package wrapfig Warning: wrapfigure used inside a conflicting environment on in
put line 15.


Package wrapfig Warning: wrapfigure used inside a conflicting environment on in
put line 15.


Package wrapfig Warning: wrapfigure used inside a conflicting environment on in
put line 15.


Package wrapfig Warning: wrapfigure used inside a conflicting environment on in
put line 15.


Package wrapfig Warning: wrapfigure used inside a conflicting environment on in
put line 15.


Package wrapfig Warning: wrapfigure used inside a conflicting environment on in
put line 15.


Package wrapfig Warning: wrapfigure used inside a conflicting environment on in
put line 15.


Package wrapfig Warning: wrapfigure used inside a conflicting environment on in
put line 15.


Package wrapfig Warning: wrapfigure used inside a conflicting environment on in
put line 15.


Package wrapfig Warning: wrapfigure used inside a conflicting environment on in
put line 16.


Package wrapfig Warning: wrapfigure used inside a conflicting environment on in
put line 16.


Package wrapfig Warning: wrapfigure used inside a conflicting environment on in
put line 16.


Package wrapfig Warning: wrapfigure used inside a conflicting environment on in
put line 16.


Package wrapfig Warning: wrapfigure used inside a conflicting environment on in
put line 16.


Package wrapfig Warning: wrapfigure used inside a conflicting environment on in
put line 16.


Package wrapfig Warning: wrapfigure used inside a conflicting environment on in
put line 16.


Package wrapfig Warning: wrapfigure used inside a conflicting environment on in
put line 16.


Package wrapfig Warning: wrapfigure used inside a conflicting environment on in
put line 16.


Package wrapfig Warning: wrapfigure used inside a conflicting environment on in
put line 16.


Package wrapfig Warning: wrapfigure used inside a conflicting environment on in
put line 16.


Package wrapfig Warning: wrapfigure used inside a conflicting environment on in
put line 16.


Package wrapfig Warning: wrapfigure used inside a conflicting environment on in
put line 16.


Package wrapfig Warning: wrapfigure used inside a conflicting environment on in
put line 16.


Package wrapfig Warning: wrapfigure used inside a conflicting environment on in
put line 16.


Package wrapfig Warning: wrapfigure used inside a conflicting environment on in
put line 16.


Package wrapfig Warning: wrapfigure used inside a conflicting environment on in
put line 16.


Package wrapfig Warning: wrapfigure used inside a conflicting environment on in
put line 16.


Package wrapfig Warning: wrapfigure used inside a conflicting environment on in
put line 16.


Package wrapfig Warning: wrapfigure used inside a conflicting environment on in
put line 16.


Package wrapfig Warning: wrapfigure used inside a conflicting environment on in
put line 16.


Package wrapfig Warning: wrapfigure used inside a conflicting environment on in
put line 16.


Package wrapfig Warning: wrapfigure used inside a conflicting environment on in
put line 16.

[33pdfTeX warning (ext4): destination with the same identifier (name{figure.10}
) has been already used, duplicate ignored

\AtBegShi@Output ...ipout \box \AtBeginShipoutBox 
                                                  \fi \fi 
l.60 data_
          clean = data %>% filter(VAR6 != 0, <../LDA/irisLDA.png (PNG copy)>]
[34]) (../BRM/utils.R [35] [36] [37] [38]) (../BRM/logit.R [39])
(../Logit/logit_model_fin.R [40]) (../CART/CART_Modell.R [41] [42] [43]
Overfull \hbox (112.02429pt too wide) in paragraph at lines 111--112
[][][][] 
 []


Overfull \hbox (112.02429pt too wide) in paragraph at lines 112--113
[][][][] 
 []


Overfull \hbox (112.02429pt too wide) in paragraph at lines 126--127
[][][][] 
 []

[44] [45]) (../Random_Forest/random_forest_modell_fin.R [46]) (../LDA/utils.R
[47]) (../LDA/lda.R [48]) (../Evaluation/Evaluate_Predictions.fin.R [49]
[50]) [51]
Overfull \hbox (51.99408pt too wide) in paragraph at lines 946--948
[]\T1/cmr/m/n/10 Rickert, J. (2013). Rev-o-lu-tions. [On-line] Avail-able at: h
ttp://blog.revolutionanalytics.com/2013/06/plotting-
 []


Underfull \hbox (badness 1515) in paragraph at lines 949--951
[]\T1/cmr/m/n/10 Robinson, N. (2018). The Dis-ad-van-tages of Lo-gis-tic Re-gre
s-sion. [On-line] Avail-able at:
 []

Package atveryend Info: Empty hook `BeforeClearDocument' on input line 960.
[52]
Package atveryend Info: Empty hook `AfterLastShipout' on input line 960.
 (./term_paper.aux)
Package atveryend Info: Executing hook `AtVeryEndDocument' on input line 960.
Package atveryend Info: Executing hook `AtEndAfterFileList' on input line 960.
Package rerunfilecheck Info: File `term_paper.out' has not changed.
(rerunfilecheck)             Checksum: 07E25D0C002D39BB3BE2BCD5E5C884B3;2345.
Package atveryend Info: Empty hook `AtVeryVeryEnd' on input line 960.
 ) 
Here is how much of TeX's memory you used:
 14493 strings out of 493029
 201613 string characters out of 6136234
 846520 words of memory out of 5000000
 16230 multiletter control sequences out of 15000+600000
 25630 words of font info for 64 fonts, out of 8000000 for 9000
 1141 hyphenation exceptions out of 8191
 33i,15n,42p,15149b,2701s stack positions out of 5000i,500n,10000p,200000b,80000s
{/usr/share/texmf/fonts/enc/dvips/cm-super/cm-super-t1.enc}</usr/share/texliv
e/texmf-dist/fonts/type1/public/amsfonts/cm/cmex10.pfb></usr/share/texlive/texm
f-dist/fonts/type1/public/amsfonts/cm/cmmi10.pfb></usr/share/texlive/texmf-dist
/fonts/type1/public/amsfonts/cm/cmmi5.pfb></usr/share/texlive/texmf-dist/fonts/
type1/public/amsfonts/cm/cmmi6.pfb></usr/share/texlive/texmf-dist/fonts/type1/p
ublic/amsfonts/cm/cmmi7.pfb></usr/share/texlive/texmf-dist/fonts/type1/public/a
msfonts/cm/cmmi8.pfb></usr/share/texlive/texmf-dist/fonts/type1/public/amsfonts
/cm/cmr10.pfb></usr/share/texlive/texmf-dist/fonts/type1/public/amsfonts/cm/cmr
6.pfb></usr/share/texlive/texmf-dist/fonts/type1/public/amsfonts/cm/cmr7.pfb></
usr/share/texlive/texmf-dist/fonts/type1/public/amsfonts/cm/cmsy10.pfb></usr/sh
are/texlive/texmf-dist/fonts/type1/public/amsfonts/cm/cmsy7.pfb></usr/share/tex
live/texmf-dist/fonts/type1/public/amsfonts/symbols/msbm10.pfb></usr/share/texm
f/fonts/type1/public/cm-super/sfbx1000.pfb></usr/share/texmf/fonts/type1/public
/cm-super/sfbx1200.pfb></usr/share/texmf/fonts/type1/public/cm-super/sfbx1440.p
fb></usr/share/texmf/fonts/type1/public/cm-super/sfbx2074.pfb></usr/share/texmf
/fonts/type1/public/cm-super/sfcc1000.pfb></usr/share/texmf/fonts/type1/public/
cm-super/sfcc1440.pfb></usr/share/texmf/fonts/type1/public/cm-super/sfcc1728.pf
b></usr/share/texmf/fonts/type1/public/cm-super/sfit0800.pfb></usr/share/texmf/
fonts/type1/public/cm-super/sfrm0700.pfb></usr/share/texmf/fonts/type1/public/c
m-super/sfrm0800.pfb></usr/share/texmf/fonts/type1/public/cm-super/sfrm1000.pfb
></usr/share/texmf/fonts/type1/public/cm-super/sfrm1200.pfb></usr/share/texmf/f
onts/type1/public/cm-super/sfrm1440.pfb></usr/share/texmf/fonts/type1/public/cm
-super/sfti1000.pfb></usr/share/texmf/fonts/type1/public/cm-super/sfti1440.pfb>
</usr/share/texmf/fonts/type1/public/cm-super/sftt0800.pfb></usr/share/texmf/fo
nts/type1/public/cm-super/sftt1000.pfb>
Output written on term_paper.pdf (53 pages, 984043 bytes).
PDF statistics:
 2336 PDF objects out of 2487 (max. 8388607)
 2209 compressed objects within 23 object streams
 1493 named destinations out of 1728 (max. 500000)
 354 words of extra memory for PDF output out of 10000 (max. 10000000)

