\BOOKMARK [1][-]{section.1}{Introduction}{}% 1
\BOOKMARK [1][-]{section.2}{The dataset}{}% 2
\BOOKMARK [1][-]{section.3}{Data preparation}{}% 3
\BOOKMARK [2][-]{subsection.3.1}{Financial Ratios}{section.3}% 4
\BOOKMARK [1][-]{section.4}{Binary Response Models}{}% 5
\BOOKMARK [2][-]{subsection.4.1}{Theory}{section.4}% 6
\BOOKMARK [2][-]{subsection.4.2}{Implementation}{section.4}% 7
\BOOKMARK [3][-]{subsubsection.4.2.1}{Obtaining the Likelihood}{subsection.4.2}% 8
\BOOKMARK [3][-]{subsubsection.4.2.2}{Gradient Descent}{subsection.4.2}% 9
\BOOKMARK [3][-]{subsubsection.4.2.3}{Predictions}{subsection.4.2}% 10
\BOOKMARK [2][-]{subsection.4.3}{Using the Logit-Model on the creditreform Dataset}{section.4}% 11
\BOOKMARK [1][-]{section.5}{Classification and Regression Trees \(CART\)}{}% 12
\BOOKMARK [2][-]{subsection.5.1}{Variable Importance}{section.5}% 13
\BOOKMARK [1][-]{section.6}{Random Forest}{}% 14
\BOOKMARK [1][-]{section.7}{Linear Discriminant Analysis}{}% 15
\BOOKMARK [2][-]{subsection.7.1}{Theory}{section.7}% 16
\BOOKMARK [2][-]{subsection.7.2}{Implementation}{section.7}% 17
\BOOKMARK [3][-]{subsubsection.7.2.1}{Plotting}{subsection.7.2}% 18
\BOOKMARK [3][-]{subsubsection.7.2.2}{Predictions}{subsection.7.2}% 19
\BOOKMARK [1][-]{section.8}{Evaluation of predictions}{}% 20
\BOOKMARK [1][-]{section.9}{Appendix}{}% 21
\BOOKMARK [2][-]{subsection.9.1}{Unit Tests}{section.9}% 22
\BOOKMARK [3][-]{subsubsection.9.1.1}{LDA}{subsection.9.1}% 23
\BOOKMARK [3][-]{subsubsection.9.1.2}{Binary Response Models}{subsection.9.1}% 24
\BOOKMARK [3][-]{subsubsection.9.1.3}{Evaluation}{subsection.9.1}% 25
\BOOKMARK [2][-]{subsection.9.2}{Tables}{section.9}% 26
